[debug] [2022-07-23T23:22:04.591Z] ----------------------------------------------------------------------
[debug] [2022-07-23T23:22:04.592Z] Command:       C:\Program Files\nodejs\node.exe C:\Users\Marisu\AppData\Roaming\npm\node_modules\firebase-tools\lib\bin\firebase.js init
[debug] [2022-07-23T23:22:04.593Z] CLI Version:   11.3.0
[debug] [2022-07-23T23:22:04.593Z] Platform:      win32
[debug] [2022-07-23T23:22:04.593Z] Node Version:  v17.3.1
[debug] [2022-07-23T23:22:04.594Z] Time:          Sat Jul 23 2022 20:22:04 GMT-0300 (hora estándar de Argentina)
[debug] [2022-07-23T23:22:04.595Z] ----------------------------------------------------------------------
[debug] 
[debug] [2022-07-23T23:22:04.658Z] > command requires scopes: ["email","openid","https://www.googleapis.com/auth/cloudplatformprojects.readonly","https://www.googleapis.com/auth/firebase","https://www.googleapis.com/auth/cloud-platform"]
[debug] [2022-07-23T23:22:04.658Z] > authorizing via signed-in user (lic.msferro.vla@gmail.com)
[info] 
     ######## #### ########  ######## ########     ###     ######  ########
     ##        ##  ##     ## ##       ##     ##  ##   ##  ##       ##
     ######    ##  ########  ######   ########  #########  ######  ######
     ##        ##  ##    ##  ##       ##     ## ##     ##       ## ##
     ##       #### ##     ## ######## ########  ##     ##  ######  ########

You're about to initialize a Firebase project in this directory:

  C:\Users\Marisu\Desktop\angular\front-end-angular

Before we get started, keep in mind:

  * You are initializing within an existing Firebase project directory

